c:\users\jimmy\source\repos\biggestcirclealgorithm\biggestcirclealgorithm\debug\vc141.pdb
c:\users\jimmy\source\repos\biggestcirclealgorithm\biggestcirclealgorithm\debug\vc141.idb
c:\users\jimmy\source\repos\biggestcirclealgorithm\biggestcirclealgorithm\debug\main.obj
c:\users\jimmy\source\repos\biggestcirclealgorithm\biggestcirclealgorithm\debug\point.obj
c:\users\jimmy\source\repos\biggestcirclealgorithm\biggestcirclealgorithm\debug\section.obj
c:\users\jimmy\source\repos\biggestcirclealgorithm\biggestcirclealgorithm\debug\circle.obj
c:\users\jimmy\source\repos\biggestcirclealgorithm\biggestcirclealgorithm\debug\segment.obj
c:\users\jimmy\source\repos\biggestcirclealgorithm\biggestcirclealgorithm\debug\getopt.obj
c:\users\jimmy\source\repos\biggestcirclealgorithm\biggestcirclealgorithm\debug\helpers.obj
c:\users\jimmy\source\repos\biggestcirclealgorithm\debug\biggestcirclealgorithm.exe
c:\users\jimmy\source\repos\biggestcirclealgorithm\debug\biggestcirclealgorithm.ilk
c:\users\jimmy\source\repos\biggestcirclealgorithm\debug\biggestcirclealgorithm.pdb
c:\users\jimmy\source\repos\biggestcirclealgorithm\biggestcirclealgorithm\debug\stdafx.obj
c:\users\jimmy\source\repos\biggestcirclealgorithm\biggestcirclealgorithm\debug\segment.obj.enc
c:\users\jimmy\source\repos\biggestcirclealgorithm\biggestcirclealgorithm\debug\biggestcirclealgorithm.pch
c:\users\jimmy\source\repos\biggestcirclealgorithm\biggestcirclealgorithm\debug\biggestc.1b64389a.tlog\cl.command.1.tlog
c:\users\jimmy\source\repos\biggestcirclealgorithm\biggestcirclealgorithm\debug\biggestc.1b64389a.tlog\cl.read.1.tlog
c:\users\jimmy\source\repos\biggestcirclealgorithm\biggestcirclealgorithm\debug\biggestc.1b64389a.tlog\cl.write.1.tlog
c:\users\jimmy\source\repos\biggestcirclealgorithm\biggestcirclealgorithm\debug\biggestc.1b64389a.tlog\link.command.1.tlog
c:\users\jimmy\source\repos\biggestcirclealgorithm\biggestcirclealgorithm\debug\biggestc.1b64389a.tlog\link.read.1.tlog
c:\users\jimmy\source\repos\biggestcirclealgorithm\biggestcirclealgorithm\debug\biggestc.1b64389a.tlog\link.write.1.tlog
